make: 'csim.exe' is up to date.
---output--- t=0--------
(t,ch)=1,0
value=-24.5613
ch_hash=(0,1,2,3)
(t,ch)=1,1
value=-3.39111
ch_hash=(0,1,2,3)
(t,ch)=1,2
value=-14.2747
ch_hash=(0,1,2,3)
(t,ch)=1,3
value=-21.7839
ch_hash=(0,1,2,3)
(t,ch)=1,4
value=-15.1521
ch_hash=(0,1,2,3)
(t,ch)=1,5
value=-7.3186
ch_hash=(0,1,2,3)
(t,ch)=1,6
value=-23.6914
ch_hash=(0,1,2,3)
(t,ch)=1,7
value=-15.5359
ch_hash=(0,1,2,3)
---output--- t=1--------
(t,ch)=2,0
value=-23.0444
ch_hash=(0,1,2,3)
(t,ch)=2,1
value=-0.48584
ch_hash=(0,1,2,3)
(t,ch)=2,2
value=-11.2385
ch_hash=(0,1,2,3)
(t,ch)=2,3
value=-18.0703
ch_hash=(0,1,2,3)
(t,ch)=2,4
value=-13.1716
ch_hash=(0,1,2,3)
(t,ch)=2,5
value=-8.23291
ch_hash=(0,1,2,3)
(t,ch)=2,6
value=-25.2266
ch_hash=(0,1,2,3)
(t,ch)=2,7
value=-16.5784
ch_hash=(0,1,2,3)
---output--- t=2--------
(t,ch)=3,0
value=-19.7351
ch_hash=(0,1,2,3)
(t,ch)=3,1
value=3.05591
ch_hash=(0,1,2,3)
(t,ch)=3,2
value=-8.69849
ch_hash=(0,1,2,3)
(t,ch)=3,3
value=-15.4519
ch_hash=(0,1,2,3)
(t,ch)=3,4
value=-13.1731
ch_hash=(0,1,2,3)
(t,ch)=3,5
value=-12.5959
ch_hash=(0,1,2,3)
(t,ch)=3,6
value=-26.8071
ch_hash=(0,1,2,3)
(t,ch)=3,7
value=-18.6357
ch_hash=(0,1,2,3)
---output--- t=3--------
(t,ch)=4,0
value=-15.4211
ch_hash=(0,1,2,3)
(t,ch)=4,1
value=6.05713
ch_hash=(0,1,2,3)
(t,ch)=4,2
value=-6.74609
ch_hash=(0,1,2,3)
(t,ch)=4,3
value=-13.9333
ch_hash=(0,1,2,3)
(t,ch)=4,4
value=-14.8914
ch_hash=(0,1,2,3)
(t,ch)=4,5
value=-18.7368
ch_hash=(0,1,2,3)
(t,ch)=4,6
value=-27.5769
ch_hash=(0,1,2,3)
(t,ch)=4,7
value=-20.614
ch_hash=(0,1,2,3)
---output--- t=4--------
(t,ch)=5,0
value=-11.2407
ch_hash=(0,1,2,3)
(t,ch)=5,1
value=7.31836
ch_hash=(0,1,2,3)
(t,ch)=5,2
value=-5.36157
ch_hash=(0,1,2,3)
(t,ch)=5,3
value=-13.25
ch_hash=(0,1,2,3)
(t,ch)=5,4
value=-17.5693
ch_hash=(0,1,2,3)
(t,ch)=5,5
value=-24.7078
ch_hash=(0,1,2,3)
(t,ch)=5,6
value=-27.0029
ch_hash=(0,1,2,3)
(t,ch)=5,7
value=-21.7532
ch_hash=(0,1,2,3)
---output--- t=5--------
(t,ch)=6,0
value=-8.35962
ch_hash=(0,1,2,3)
(t,ch)=6,1
value=5.46045
ch_hash=(0,1,2,3)
(t,ch)=6,2
value=-4.92798
ch_hash=(0,1,2,3)
(t,ch)=6,3
value=-13.1443
ch_hash=(0,1,2,3)
(t,ch)=6,4
value=-20.1936
ch_hash=(0,1,2,3)
(t,ch)=6,5
value=-28.9485
ch_hash=(0,1,2,3)
(t,ch)=6,6
value=-25.2134
ch_hash=(0,1,2,3)
(t,ch)=6,7
value=-21.7629
ch_hash=(0,1,2,3)
---output--- t=6--------
(t,ch)=7,0
value=-7.47192
ch_hash=(0,1,2,3)
(t,ch)=7,1
value=-1.53613
ch_hash=(0,1,2,3)
(t,ch)=7,2
value=-5.9187
ch_hash=(0,1,2,3)
(t,ch)=7,3
value=-13.8269
ch_hash=(0,1,2,3)
(t,ch)=7,4
value=-21.7935
ch_hash=(0,1,2,3)
(t,ch)=7,5
value=-30.469
ch_hash=(0,1,2,3)
(t,ch)=7,6
value=-22.5527
ch_hash=(0,1,2,3)
(t,ch)=7,7
value=-20.999
ch_hash=(0,1,2,3)
---output--- t=7--------
(t,ch)=8,0
value=-9.25903
ch_hash=(0,1,2,3)
(t,ch)=8,1
value=-14.4194
ch_hash=(0,1,2,3)
(t,ch)=8,2
value=-9.09253
ch_hash=(0,1,2,3)
(t,ch)=8,3
value=-15.4358
ch_hash=(0,1,2,3)
(t,ch)=8,4
value=-21.7944
ch_hash=(0,1,2,3)
(t,ch)=8,5
value=-29.0662
ch_hash=(0,1,2,3)
(t,ch)=8,6
value=-19.4221
ch_hash=(0,1,2,3)
(t,ch)=8,7
value=-20.093
ch_hash=(0,1,2,3)
---output--- t=8--------
(t,ch)=9,0
value=-13.5701
ch_hash=(0,1,2,3)
(t,ch)=9,1
value=-32.5847
ch_hash=(0,1,2,3)
(t,ch)=9,2
value=-15.2695
ch_hash=(0,1,2,3)
(t,ch)=9,3
value=-18.658
ch_hash=(0,1,2,3)
(t,ch)=9,4
value=-20.1572
ch_hash=(0,1,2,3)
(t,ch)=9,5
value=-26.0488
ch_hash=(0,1,2,3)
(t,ch)=9,6
value=-16.209
ch_hash=(0,1,2,3)
(t,ch)=9,7
value=-19.4182
ch_hash=(0,1,2,3)
---output--- t=9--------
(t,ch)=10,0
value=-20.4204
ch_hash=(0,1,2,3)
(t,ch)=10,1
value=-54.4219
ch_hash=(0,1,2,3)
(t,ch)=10,2
value=-24.3447
ch_hash=(0,1,2,3)
(t,ch)=10,3
value=-23.719
ch_hash=(0,1,2,3)
(t,ch)=10,4
value=-17.1575
ch_hash=(0,1,2,3)
(t,ch)=10,5
value=-23.1902
ch_hash=(0,1,2,3)
(t,ch)=10,6
value=-13.3142
ch_hash=(0,1,2,3)
(t,ch)=10,7
value=-19.3687
ch_hash=(0,1,2,3)
---output--- t=10--------
(t,ch)=11,0
value=-29.4895
ch_hash=(0,1,2,3)
(t,ch)=11,1
value=-76.9324
ch_hash=(0,1,2,3)
(t,ch)=11,2
value=-35.8696
ch_hash=(0,1,2,3)
(t,ch)=11,3
value=-30.5347
ch_hash=(0,1,2,3)
(t,ch)=11,4
value=-13.8293
ch_hash=(0,1,2,3)
(t,ch)=11,5
value=-21.551
ch_hash=(0,1,2,3)
(t,ch)=11,6
value=-10.9568
ch_hash=(0,1,2,3)
(t,ch)=11,7
value=-20.0076
ch_hash=(0,1,2,3)
---output--- t=11--------
(t,ch)=12,0
value=-39.8335
ch_hash=(0,1,2,3)
(t,ch)=12,1
value=-96.2163
ch_hash=(0,1,2,3)
(t,ch)=12,2
value=-48.4719
ch_hash=(0,1,2,3)
(t,ch)=12,3
value=-38.4214
ch_hash=(0,1,2,3)
(t,ch)=12,4
value=-11.7197
ch_hash=(0,1,2,3)
(t,ch)=12,5
value=-21.8289
ch_hash=(0,1,2,3)
(t,ch)=12,6
value=-9.63892
ch_hash=(0,1,2,3)
(t,ch)=12,7
value=-21.4944
ch_hash=(0,1,2,3)
---output--- t=12--------
(t,ch)=13,0
value=-50.3423
ch_hash=(0,1,2,3)
(t,ch)=13,1
value=-109.225
ch_hash=(0,1,2,3)
(t,ch)=13,2
value=-60.8105
ch_hash=(0,1,2,3)
(t,ch)=13,3
value=-46.5471
ch_hash=(0,1,2,3)
(t,ch)=13,4
value=-12.0356
ch_hash=(0,1,2,3)
(t,ch)=13,5
value=-24.2485
ch_hash=(0,1,2,3)
(t,ch)=13,6
value=-9.57349
ch_hash=(0,1,2,3)
(t,ch)=13,7
value=-24.1602
ch_hash=(0,1,2,3)
---output--- t=13--------
(t,ch)=14,0
value=-59.9077
ch_hash=(0,1,2,3)
(t,ch)=14,1
value=-114.167
ch_hash=(0,1,2,3)
(t,ch)=14,2
value=-71.3315
ch_hash=(0,1,2,3)
(t,ch)=14,3
value=-53.5708
ch_hash=(0,1,2,3)
(t,ch)=14,4
value=-15.6929
ch_hash=(0,1,2,3)
(t,ch)=14,5
value=-28.7065
ch_hash=(0,1,2,3)
(t,ch)=14,6
value=-11.4314
ch_hash=(0,1,2,3)
(t,ch)=14,7
value=-28.51
ch_hash=(0,1,2,3)
---output--- t=14--------
(t,ch)=15,0
value=-67.5222
ch_hash=(0,1,2,3)
(t,ch)=15,1
value=-111.646
ch_hash=(0,1,2,3)
(t,ch)=15,2
value=-79.2583
ch_hash=(0,1,2,3)
(t,ch)=15,3
value=-58.7896
ch_hash=(0,1,2,3)
(t,ch)=15,4
value=-22.9153
ch_hash=(0,1,2,3)
(t,ch)=15,5
value=-34.3696
ch_hash=(0,1,2,3)
(t,ch)=15,6
value=-15.3384
ch_hash=(0,1,2,3)
(t,ch)=15,7
value=-34.7649
ch_hash=(0,1,2,3)
---output--- t=15--------
(t,ch)=16,0
value=-72.0322
ch_hash=(0,1,2,3)
(t,ch)=16,1
value=-103.202
ch_hash=(0,1,2,3)
(t,ch)=16,2
value=-83.9006
ch_hash=(0,1,2,3)
(t,ch)=16,3
value=-61.1021
ch_hash=(0,1,2,3)
(t,ch)=16,4
value=-33.0911
ch_hash=(0,1,2,3)
(t,ch)=16,5
value=-40.2148
ch_hash=(0,1,2,3)
(t,ch)=16,6
value=-21.478
ch_hash=(0,1,2,3)
(t,ch)=16,7
value=-42.5637
ch_hash=(0,1,2,3)
---output--- t=16--------
(t,ch)=17,0
value=-72.7161
ch_hash=(0,1,2,3)
(t,ch)=17,1
value=-91.8164
ch_hash=(0,1,2,3)
(t,ch)=17,2
value=-85.6147
ch_hash=(0,1,2,3)
(t,ch)=17,3
value=-60.407
ch_hash=(0,1,2,3)
(t,ch)=17,4
value=-44.2668
ch_hash=(0,1,2,3)
(t,ch)=17,5
value=-45.6643
ch_hash=(0,1,2,3)
(t,ch)=17,6
value=-29.45
ch_hash=(0,1,2,3)
(t,ch)=17,7
value=-50.946
ch_hash=(0,1,2,3)
---output--- t=17--------
(t,ch)=18,0
value=-69.8123
ch_hash=(0,1,2,3)
(t,ch)=18,1
value=-79.844
ch_hash=(0,1,2,3)
(t,ch)=18,2
value=-85.1355
ch_hash=(0,1,2,3)
(t,ch)=18,3
value=-57.031
ch_hash=(0,1,2,3)
(t,ch)=18,4
value=-54.0574
ch_hash=(0,1,2,3)
(t,ch)=18,5
value=-50.0508
ch_hash=(0,1,2,3)
(t,ch)=18,6
value=-38.8679
ch_hash=(0,1,2,3)
(t,ch)=18,7
value=-58.6982
ch_hash=(0,1,2,3)
---output--- t=18--------
(t,ch)=19,0
value=-64.4609
ch_hash=(0,1,2,3)
(t,ch)=19,1
value=-69.4868
ch_hash=(0,1,2,3)
(t,ch)=19,2
value=-83.1309
ch_hash=(0,1,2,3)
(t,ch)=19,3
value=-52.2632
ch_hash=(0,1,2,3)
(t,ch)=19,4
value=-60.782
ch_hash=(0,1,2,3)
(t,ch)=19,5
value=-53.2253
ch_hash=(0,1,2,3)
(t,ch)=19,6
value=-48.4004
ch_hash=(0,1,2,3)
(t,ch)=19,7
value=-64.2998
ch_hash=(0,1,2,3)
---output--- t=19--------
(t,ch)=20,0
value=-58.2322
ch_hash=(0,1,2,3)
(t,ch)=20,1
value=-61.3674
ch_hash=(0,1,2,3)
(t,ch)=20,2
value=-79.9851
ch_hash=(0,1,2,3)
(t,ch)=20,3
value=-47.1692
ch_hash=(0,1,2,3)
(t,ch)=20,4
value=-63.8684
ch_hash=(0,1,2,3)
(t,ch)=20,5
value=-55.0876
ch_hash=(0,1,2,3)
(t,ch)=20,6
value=-57.4807
ch_hash=(0,1,2,3)
(t,ch)=20,7
value=-66.8945
ch_hash=(0,1,2,3)
---output--- t=20--------
(t,ch)=21,0
value=-52.5466
ch_hash=(0,1,2,3)
(t,ch)=21,1
value=-54.9509
ch_hash=(0,1,2,3)
(t,ch)=21,2
value=-76.2651
ch_hash=(0,1,2,3)
(t,ch)=21,3
value=-43.1694
ch_hash=(0,1,2,3)
(t,ch)=21,4
value=-64.0293
ch_hash=(0,1,2,3)
(t,ch)=21,5
value=-55.6482
ch_hash=(0,1,2,3)
(t,ch)=21,6
value=-65.554
ch_hash=(0,1,2,3)
(t,ch)=21,7
value=-66.2385
ch_hash=(0,1,2,3)
---output--- t=21--------
(t,ch)=22,0
value=-48.8689
ch_hash=(0,1,2,3)
(t,ch)=22,1
value=-49.1782
ch_hash=(0,1,2,3)
(t,ch)=22,2
value=-71.8147
ch_hash=(0,1,2,3)
(t,ch)=22,3
value=-40.5063
ch_hash=(0,1,2,3)
(t,ch)=22,4
value=-62.4045
ch_hash=(0,1,2,3)
(t,ch)=22,5
value=-55.1318
ch_hash=(0,1,2,3)
(t,ch)=22,6
value=-71.9307
ch_hash=(0,1,2,3)
(t,ch)=22,7
value=-63.0491
ch_hash=(0,1,2,3)
---output--- t=22--------
(t,ch)=23,0
value=-47.135
ch_hash=(0,1,2,3)
(t,ch)=23,1
value=-43.0059
ch_hash=(0,1,2,3)
(t,ch)=23,2
value=-66.7813
ch_hash=(0,1,2,3)
(t,ch)=23,3
value=-39.4275
ch_hash=(0,1,2,3)
(t,ch)=23,4
value=-60.624
ch_hash=(0,1,2,3)
(t,ch)=23,5
value=-54.3594
ch_hash=(0,1,2,3)
(t,ch)=23,6
value=-76.4102
ch_hash=(0,1,2,3)
(t,ch)=23,7
value=-58.6475
ch_hash=(0,1,2,3)
---output--- t=23--------
(t,ch)=24,0
value=-46.9678
ch_hash=(0,1,2,3)
(t,ch)=24,1
value=-36.1802
ch_hash=(0,1,2,3)
(t,ch)=24,2
value=-60.9045
ch_hash=(0,1,2,3)
(t,ch)=24,3
value=-39.0952
ch_hash=(0,1,2,3)
(t,ch)=24,4
value=-59.9341
ch_hash=(0,1,2,3)
(t,ch)=24,5
value=-53.874
ch_hash=(0,1,2,3)
(t,ch)=24,6
value=-79.1086
ch_hash=(0,1,2,3)
(t,ch)=24,7
value=-54.3115
ch_hash=(0,1,2,3)
---output--- t=24--------
(t,ch)=25,0
value=-47.1826
ch_hash=(0,1,2,3)
(t,ch)=25,1
value=-29.0977
ch_hash=(0,1,2,3)
(t,ch)=25,2
value=-54.1438
ch_hash=(0,1,2,3)
(t,ch)=25,3
value=-38.6868
ch_hash=(0,1,2,3)
(t,ch)=25,4
value=-60.5205
ch_hash=(0,1,2,3)
(t,ch)=25,5
value=-53.8594
ch_hash=(0,1,2,3)
(t,ch)=25,6
value=-79.7063
ch_hash=(0,1,2,3)
(t,ch)=25,7
value=-50.4485
ch_hash=(0,1,2,3)
---output--- t=25--------
(t,ch)=26,0
value=-46.2627
ch_hash=(0,1,2,3)
(t,ch)=26,1
value=-22.3792
ch_hash=(0,1,2,3)
(t,ch)=26,2
value=-46.3376
ch_hash=(0,1,2,3)
(t,ch)=26,3
value=-37.2112
ch_hash=(0,1,2,3)
(t,ch)=26,4
value=-61.1462
ch_hash=(0,1,2,3)
(t,ch)=26,5
value=-53.8782
ch_hash=(0,1,2,3)
(t,ch)=26,6
value=-77.9065
ch_hash=(0,1,2,3)
(t,ch)=26,7
value=-47.3787
ch_hash=(0,1,2,3)
---output--- t=26--------
(t,ch)=27,0
value=-43.1575
ch_hash=(0,1,2,3)
(t,ch)=27,1
value=-16.8257
ch_hash=(0,1,2,3)
(t,ch)=27,2
value=-38.1042
ch_hash=(0,1,2,3)
(t,ch)=27,3
value=-34.2869
ch_hash=(0,1,2,3)
(t,ch)=27,4
value=-60.4336
ch_hash=(0,1,2,3)
(t,ch)=27,5
value=-53.2595
ch_hash=(0,1,2,3)
(t,ch)=27,6
value=-73.3969
ch_hash=(0,1,2,3)
(t,ch)=27,7
value=-44.7053
ch_hash=(0,1,2,3)
---output--- t=27--------
(t,ch)=28,0
value=-38.1694
ch_hash=(0,1,2,3)
(t,ch)=28,1
value=-12.4397
ch_hash=(0,1,2,3)
(t,ch)=28,2
value=-29.9888
ch_hash=(0,1,2,3)
(t,ch)=28,3
value=-29.6997
ch_hash=(0,1,2,3)
(t,ch)=28,4
value=-57.2744
ch_hash=(0,1,2,3)
(t,ch)=28,5
value=-51.3687
ch_hash=(0,1,2,3)
(t,ch)=28,6
value=-66.5012
ch_hash=(0,1,2,3)
(t,ch)=28,7
value=-41.571
ch_hash=(0,1,2,3)
---output--- t=28--------
(t,ch)=29,0
value=-31.3167
ch_hash=(0,1,2,3)
(t,ch)=29,1
value=-8.71167
ch_hash=(0,1,2,3)
(t,ch)=29,2
value=-22.5098
ch_hash=(0,1,2,3)
(t,ch)=29,3
value=-24.0422
ch_hash=(0,1,2,3)
(t,ch)=29,4
value=-51.2722
ch_hash=(0,1,2,3)
(t,ch)=29,5
value=-48.0913
ch_hash=(0,1,2,3)
(t,ch)=29,6
value=-57.4729
ch_hash=(0,1,2,3)
(t,ch)=29,7
value=-37.251
ch_hash=(0,1,2,3)
---output--- t=29--------
(t,ch)=30,0
value=-23.8389
ch_hash=(0,1,2,3)
(t,ch)=30,1
value=-5.17798
ch_hash=(0,1,2,3)
(t,ch)=30,2
value=-16.3308
ch_hash=(0,1,2,3)
(t,ch)=30,3
value=-18.2288
ch_hash=(0,1,2,3)
(t,ch)=30,4
value=-43.377
ch_hash=(0,1,2,3)
(t,ch)=30,5
value=-43.3411
ch_hash=(0,1,2,3)
(t,ch)=30,6
value=-47.4045
ch_hash=(0,1,2,3)
(t,ch)=30,7
value=-32.0366
ch_hash=(0,1,2,3)
---output--- t=30--------
(t,ch)=31,0
value=-16.5334
ch_hash=(0,1,2,3)
(t,ch)=31,1
value=-1.23242
ch_hash=(0,1,2,3)
(t,ch)=31,2
value=-11.9202
ch_hash=(0,1,2,3)
(t,ch)=31,3
value=-12.8154
ch_hash=(0,1,2,3)
(t,ch)=31,4
value=-35.4922
ch_hash=(0,1,2,3)
(t,ch)=31,5
value=-37.8206
ch_hash=(0,1,2,3)
(t,ch)=31,6
value=-37.8074
ch_hash=(0,1,2,3)
(t,ch)=31,7
value=-26.9185
ch_hash=(0,1,2,3)
---output--- t=31--------
(t,ch)=32,0
value=-10.4578
ch_hash=(0,1,2,3)
(t,ch)=32,1
value=3.05347
ch_hash=(0,1,2,3)
(t,ch)=32,2
value=-9.25952
ch_hash=(0,1,2,3)
(t,ch)=32,3
value=-8.72827
ch_hash=(0,1,2,3)
(t,ch)=32,4
value=-29.4565
ch_hash=(0,1,2,3)
(t,ch)=32,5
value=-32.3347
ch_hash=(0,1,2,3)
(t,ch)=32,6
value=-29.5869
ch_hash=(0,1,2,3)
(t,ch)=32,7
value=-22.5664
ch_hash=(0,1,2,3)
---output--- t=32--------
(t,ch)=33,0
value=-6.00269
ch_hash=(0,1,2,3)
(t,ch)=33,1
value=6.67603
ch_hash=(0,1,2,3)
(t,ch)=33,2
value=-8.04834
ch_hash=(0,1,2,3)
(t,ch)=33,3
value=-6.70239
ch_hash=(0,1,2,3)
(t,ch)=33,4
value=-26.1018
ch_hash=(0,1,2,3)
(t,ch)=33,5
value=-27.2141
ch_hash=(0,1,2,3)
(t,ch)=33,6
value=-23.7366
ch_hash=(0,1,2,3)
(t,ch)=33,7
value=-19.4893
ch_hash=(0,1,2,3)
---output--- t=33--------
(t,ch)=34,0
value=-3.1062
ch_hash=(0,1,2,3)
(t,ch)=34,1
value=8.83374
ch_hash=(0,1,2,3)
(t,ch)=34,2
value=-7.91724
ch_hash=(0,1,2,3)
(t,ch)=34,3
value=-6.56714
ch_hash=(0,1,2,3)
(t,ch)=34,4
value=-25.5393
ch_hash=(0,1,2,3)
(t,ch)=34,5
value=-23.2319
ch_hash=(0,1,2,3)
(t,ch)=34,6
value=-19.9783
ch_hash=(0,1,2,3)
(t,ch)=34,7
value=-18.2305
ch_hash=(0,1,2,3)
---output--- t=34--------
(t,ch)=35,0
value=-1.28345
ch_hash=(0,1,2,3)
(t,ch)=35,1
value=8.59814
ch_hash=(0,1,2,3)
(t,ch)=35,2
value=-8.30054
ch_hash=(0,1,2,3)
(t,ch)=35,3
value=-8.68091
ch_hash=(0,1,2,3)
(t,ch)=35,4
value=-26.6399
ch_hash=(0,1,2,3)
(t,ch)=35,5
value=-20.499
ch_hash=(0,1,2,3)
(t,ch)=35,6
value=-17.7078
ch_hash=(0,1,2,3)
(t,ch)=35,7
value=-18.5364
ch_hash=(0,1,2,3)
---output--- t=35--------
(t,ch)=36,0
value=-0.270264
ch_hash=(0,1,2,3)
(t,ch)=36,1
value=5.70996
ch_hash=(0,1,2,3)
(t,ch)=36,2
value=-9.18115
ch_hash=(0,1,2,3)
(t,ch)=36,3
value=-12.3755
ch_hash=(0,1,2,3)
(t,ch)=36,4
value=-27.3279
ch_hash=(0,1,2,3)
(t,ch)=36,5
value=-18.9226
ch_hash=(0,1,2,3)
(t,ch)=36,6
value=-16.0784
ch_hash=(0,1,2,3)
(t,ch)=36,7
value=-19.4768
ch_hash=(0,1,2,3)
---output--- t=36--------
(t,ch)=37,0
value=-0.183105
ch_hash=(0,1,2,3)
(t,ch)=37,1
value=0.896973
ch_hash=(0,1,2,3)
(t,ch)=37,2
value=-10.0342
ch_hash=(0,1,2,3)
(t,ch)=37,3
value=-16.717
ch_hash=(0,1,2,3)
(t,ch)=37,4
value=-26.231
ch_hash=(0,1,2,3)
(t,ch)=37,5
value=-17.8938
ch_hash=(0,1,2,3)
(t,ch)=37,6
value=-14.8867
ch_hash=(0,1,2,3)
(t,ch)=37,7
value=-20.2217
ch_hash=(0,1,2,3)
---output--- t=37--------
(t,ch)=38,0
value=-1.38501
ch_hash=(0,1,2,3)
(t,ch)=38,1
value=-4.87622
ch_hash=(0,1,2,3)
(t,ch)=38,2
value=-10.6807
ch_hash=(0,1,2,3)
(t,ch)=38,3
value=-20.8345
ch_hash=(0,1,2,3)
(t,ch)=38,4
value=-22.988
ch_hash=(0,1,2,3)
(t,ch)=38,5
value=-17.2332
ch_hash=(0,1,2,3)
(t,ch)=38,6
value=-14.1257
ch_hash=(0,1,2,3)
(t,ch)=38,7
value=-20.4478
ch_hash=(0,1,2,3)
---output--- t=38--------
(t,ch)=39,0
value=-4.46875
ch_hash=(0,1,2,3)
(t,ch)=39,1
value=-10.6326
ch_hash=(0,1,2,3)
(t,ch)=39,2
value=-11.1646
ch_hash=(0,1,2,3)
(t,ch)=39,3
value=-24.4858
ch_hash=(0,1,2,3)
(t,ch)=39,4
value=-18.5134
ch_hash=(0,1,2,3)
(t,ch)=39,5
value=-16.8215
ch_hash=(0,1,2,3)
(t,ch)=39,6
value=-14.106
ch_hash=(0,1,2,3)
(t,ch)=39,7
value=-20.2024
ch_hash=(0,1,2,3)
---output--- t=39--------
(t,ch)=40,0
value=-10.0923
ch_hash=(0,1,2,3)
(t,ch)=40,1
value=-15.3499
ch_hash=(0,1,2,3)
(t,ch)=40,2
value=-11.4016
ch_hash=(0,1,2,3)
(t,ch)=40,3
value=-27.3613
ch_hash=(0,1,2,3)
(t,ch)=40,4
value=-14.9429
ch_hash=(0,1,2,3)
(t,ch)=40,5
value=-16.8706
ch_hash=(0,1,2,3)
(t,ch)=40,6
value=-15.1748
ch_hash=(0,1,2,3)
(t,ch)=40,7
value=-19.7991
ch_hash=(0,1,2,3)
INFO: [SIM 1] CSim done with 0 errors.
