==============================================================
File generated by Vivado(TM) HLS - High-Level Synthesis from C, C++ and SystemC
Version: 2016.1
Copyright (C) 1986-2016 Xilinx, Inc. All Rights Reserved.

==============================================================

@I [SYN-201] Setting up clock 'default' with a period of 4ns.
@I [HLS-10] Setting target device to 'xc7k325tffg900-2'
couldn't read file "./spk_dect/solution1/directives.tcl": no such file or directory
    while executing
"source "./spk_dect/solution1/directives.tcl""
    (file "/disk0/Work/xike_hls_module/hls_proj/spk_dect/solution1/script.tcl" line 14)
    invoked from within
"source /disk0/Work/xike_hls_module/hls_proj/spk_dect/solution1/script.tcl"
    invoked from within
"hls::main /disk0/Work/xike_hls_module/hls_proj/spk_dect/solution1/script.tcl"
    ("uplevel" body line 1)
    invoked from within
"uplevel 1 hls::main {*}$args"
    (procedure "hls_proc" line 5)
    invoked from within
"hls_proc $argv"
