Copyright 1986-2016 Xilinx, Inc. All Rights Reserved.
------------------------------------------------------------------------------------
| Tool Version : Vivado v.2016.1 (lin64) Build 1538259 Fri Apr  8 15:45:23 MDT 2016
| Date         : Thu Oct 17 20:49:49 2019
| Host         : laic-ws1 running 64-bit Ubuntu 16.04.2 LTS
| Command      : report_timing -file ./report/rt_feedback_timing_synth.rpt
| Design       : rt_feedback
| Device       : 7k325t-ffg900
| Speed File   : -2  PRODUCTION 1.12 2014-09-11
------------------------------------------------------------------------------------

Timing Report

Slack (MET) :             1.341ns  (required time - arrival time)
  Source:                 val_assign_fu_60_reg[14]/C
                            (rising edge-triggered cell FDRE clocked by ap_clk  {rise@0.000ns fall@2.000ns period=4.000ns})
  Destination:            j_reg_89_reg[0]/R
                            (rising edge-triggered cell FDRE clocked by ap_clk  {rise@0.000ns fall@2.000ns period=4.000ns})
  Path Group:             ap_clk
  Path Type:              Setup (Max at Slow Process Corner)
  Requirement:            4.000ns  (ap_clk rise@4.000ns - ap_clk rise@0.000ns)
  Data Path Delay:        2.186ns  (logic 0.432ns (19.762%)  route 1.754ns (80.238%))
  Logic Levels:           3  (LUT4=1 LUT5=2)
  Clock Path Skew:        -0.132ns (DCD - SCD + CPR)
    Destination Clock Delay (DCD):    1.085ns = ( 5.085 - 4.000 ) 
    Source Clock Delay      (SCD):    1.217ns
    Clock Pessimism Removal (CPR):    0.000ns
  Clock Uncertainty:      0.035ns  ((TSJ^2 + TIJ^2)^1/2 + DJ) / 2 + PE
    Total System Jitter     (TSJ):    0.071ns
    Total Input Jitter      (TIJ):    0.000ns
    Discrete Jitter          (DJ):    0.000ns
    Phase Error              (PE):    0.000ns

    Location             Delay type                Incr(ns)  Path(ns)    Netlist Resource(s)
  -------------------------------------------------------------------    -------------------
                         (clock ap_clk rise edge)     0.000     0.000 r  
                                                      0.000     0.000 r  ap_clk (IN)
                         net (fo=67, unset)           1.217     1.217    ap_clk
                         FDRE                                         r  val_assign_fu_60_reg[14]/C
  -------------------------------------------------------------------    -------------------
                         FDRE (Prop_fdre_C_Q)         0.223     1.440 f  val_assign_fu_60_reg[14]/Q
                         net (fo=1, unplaced)         0.416     1.856    val_assign_fu_60[14]
                         LUT4 (Prop_lut4_I1_O)        0.123     1.979 f  j_reg_89[0]_i_13/O
                         net (fo=1, unplaced)         0.270     2.249    j_reg_89[0]_i_13_n_2
                         LUT5 (Prop_lut5_I4_O)        0.043     2.292 f  j_reg_89[0]_i_5/O
                         net (fo=2, unplaced)         0.418     2.710    j_reg_89[0]_i_5_n_2
                         LUT5 (Prop_lut5_I2_O)        0.043     2.753 r  j_reg_89[0]_i_1/O
                         net (fo=18, unplaced)        0.650     3.403    j_reg_890
                         FDRE                                         r  j_reg_89_reg[0]/R
  -------------------------------------------------------------------    -------------------

                         (clock ap_clk rise edge)     4.000     4.000 r  
                                                      0.000     4.000 r  ap_clk (IN)
                         net (fo=67, unset)           1.085     5.085    ap_clk
                         FDRE                                         r  j_reg_89_reg[0]/C
                         clock pessimism              0.000     5.085    
                         clock uncertainty           -0.035     5.050    
                         FDRE (Setup_fdre_C_R)       -0.306     4.744    j_reg_89_reg[0]
  -------------------------------------------------------------------
                         required time                          4.744    
                         arrival time                          -3.403    
  -------------------------------------------------------------------
                         slack                                  1.341    




